  HashRule.cpp
HashRule.cpp(128): warning C4244: 'initializing': conversion from '__int64' to 'int', possible loss of data
HashRule.cpp(209): warning C4018: '<': signed/unsigned mismatch
HashRule.cpp(245): warning C4018: '<': signed/unsigned mismatch
HashRule.cpp(248): warning C4242: '=': conversion from 'int' to 'char', possible loss of data
  SecPolicy.cpp
c:\users\root\google drive\college\programming fo fun\whitelisting\whitelisting\SecPolicy.hpp(31): warning C4244: 'initializing': conversion from 'double' to 'int', possible loss of data
c:\users\root\google drive\college\programming fo fun\whitelisting\whitelisting\SecPolicy.hpp(35): warning C4244: '=': conversion from 'double' to 'int', possible loss of data
SecPolicy.cpp(333): warning C4018: '<': signed/unsigned mismatch
  Source.cpp
c:\users\root\google drive\college\programming fo fun\whitelisting\whitelisting\SecPolicy.hpp(31): warning C4244: 'initializing': conversion from 'double' to 'int', possible loss of data
c:\users\root\google drive\college\programming fo fun\whitelisting\whitelisting\SecPolicy.hpp(35): warning C4244: '=': conversion from 'double' to 'int', possible loss of data
Source.cpp(225): warning C4018: '<': signed/unsigned mismatch
Source.cpp(233): warning C4018: '<': signed/unsigned mismatch
Source.cpp(238): warning C4018: '<': signed/unsigned mismatch
  Generating code
  7 of 2729 functions ( 0.3%) were compiled, the rest were copied from previous compilation.
    0 functions were new in current compilation
    6 functions had inline decision re-evaluated but remain unchanged
  Finished generating code
  WhiteListing.vcxproj -> C:\Users\root\Google Drive\College\Programming Fo Fun\Whitelisting\Release\WhiteListing.exe
